<?xml version="1.0" encoding="UTF-8"?>
<!-- Generated by org.testng.reporters.JUnitReportReporter -->
<testsuite hostname="LAPTOP-9JNG0HIK" failures="0" tests="2" name="com.example.demo.day7.day7_4" time="62.885" errors="0" timestamp="6 Jun 2023 08:51:27 GMT">
  <testcase classname="com.example.demo.day7.day7_4" name="main" time="21.788"/>
  <testcase classname="com.example.demo.day7.day7_4" name="main2" time="41.097"/>
</testsuite> <!-- com.example.demo.day7.day7_4 -->
