<?xml version="1.0" encoding="UTF-8"?>
<!-- Generated by org.testng.reporters.JUnitReportReporter -->
<testsuite hostname="LAPTOP-9JNG0HIK" failures="0" tests="2" name="com.example.demo.day7.day7_5" time="20.048" errors="0" timestamp="6 Jun 2023 08:52:18 GMT">
  <testcase classname="com.example.demo.day7.day7_5" name="Act" time="10.417"/>
  <testcase classname="com.example.demo.day7.day7_5" name="verifyUrl" time="9.631"/>
</testsuite> <!-- com.example.demo.day7.day7_5 -->
