<?xml version="1.0" encoding="UTF-8"?>
<!-- Generated by org.testng.reporters.JUnitReportReporter -->
<testsuite hostname="LAPTOP-9JNG0HIK" failures="0" tests="4" name="com.example.demo.day7.day7_2" time="0.009" errors="0" timestamp="6 Jun 2023 08:48:45 GMT">
  <testcase classname="com.example.demo.day7.day7_2" name="multiply" time="0.001"/>
  <testcase classname="com.example.demo.day7.day7_2" name="subtract" time="0.001"/>
  <testcase classname="com.example.demo.day7.day7_2" name="add" time="0.006"/>
  <testcase classname="com.example.demo.day7.day7_2" name="division" time="0.001"/>
</testsuite> <!-- com.example.demo.day7.day7_2 -->
