<?xml version="1.0" encoding="UTF-8"?>
<!-- Generated by org.testng.reporters.JUnitReportReporter -->
<testsuite hostname="LAPTOP-9JNG0HIK" failures="0" tests="1" name="com.example.demo.day7.day7_3" time="21.411" errors="0" timestamp="6 Jun 2023 08:49:36 GMT">
  <testcase classname="com.example.demo.day7.day7_3" name="main" time="21.411"/>
</testsuite> <!-- com.example.demo.day7.day7_3 -->
